<?xml version="1.0" encoding="UTF-8"?>
<testng-results ignored="0" total="1" passed="1" failed="0" skipped="0">
  <reporter-output>
  </reporter-output>
  <suite started-at="2022-08-19T22:54:39 IST" name="Default suite" finished-at="2022-08-19T22:55:30 IST" duration-ms="50169">
    <groups>
      <group name="cucumber">
        <method signature="AbstractTestNGCucumberTests.runScenario(io.cucumber.testng.PickleWrapper,io.cucumber.testng.FeatureWrapper)[pri:0, instance:com.swiggy.testscripts.TestRunner@f09733f]" name="runScenario" class="io.cucumber.testng.AbstractTestNGCucumberTests"/>
      </group> <!-- cucumber -->
    </groups>
    <test started-at="2022-08-19T22:54:39 IST" name="Default test" finished-at="2022-08-19T22:55:30 IST" duration-ms="50169">
      <class name="com.swiggy.testscripts.TestRunner">
        <test-method is-config="true" signature="setUpClass(org.testng.ITestContext)[pri:0, instance:com.swiggy.testscripts.TestRunner@f09733f]" started-at="2022-08-19T22:54:39 IST" name="setUpClass" finished-at="2022-08-19T22:54:41 IST" duration-ms="1317" status="PASS">
          <params>
            <param index="0">
              <value>
                <![CDATA[org.testng.TestRunner@3e3cd6fe]]>
              </value>
            </param>
          </params>
          <reporter-output>
          </reporter-output>
        </test-method> <!-- setUpClass -->
        <test-method signature="runScenario(io.cucumber.testng.PickleWrapper,io.cucumber.testng.FeatureWrapper)[pri:0, instance:com.swiggy.testscripts.TestRunner@f09733f]" started-at="2022-08-19T22:54:41 IST" name="runScenario" description="Runs Cucumber Scenarios" data-provider="scenarios" finished-at="2022-08-19T22:55:29 IST" duration-ms="48645" status="PASS">
          <params>
            <param index="0">
              <value>
                <![CDATA["A user should able to order food successfully on Swiggy"]]>
              </value>
            </param>
            <param index="1">
              <value>
                <![CDATA["Order a Food"]]>
              </value>
            </param>
          </params>
          <reporter-output>
          </reporter-output>
        </test-method> <!-- runScenario -->
        <test-method is-config="true" signature="tearDownClass()[pri:0, instance:com.swiggy.testscripts.TestRunner@f09733f]" started-at="2022-08-19T22:55:29 IST" name="tearDownClass" finished-at="2022-08-19T22:55:30 IST" duration-ms="125" status="PASS">
          <reporter-output>
          </reporter-output>
        </test-method> <!-- tearDownClass -->
      </class> <!-- com.swiggy.testscripts.TestRunner -->
    </test> <!-- Default test -->
  </suite> <!-- Default suite -->
</testng-results>
